Loading required package: shiny

Listening on http://0.0.0.0:3838
Error in parse(file, keep.source = FALSE, srcfile = src, encoding = enc) : 
  /root/matrix/server.R:26:3: unexpected ')'
25:      print(userName) 
26:   )
      ^
Possible unmatched ')' at:
26:  )} 
     ^
Possible unmatched '}' at:
26:  )} 
      ^
Possible missing comma at:
240:      col2rgb(mycol()) %>%  lapply(.,function(x)return(x)) %>% withCallingHandlers(error = wrongcol)
                                                    ^
Warning: Error in sourceUTF8: Error sourcing /root/matrix/server.R
  [No stack trace available]
Error in sourceUTF8(serverR, envir = new.env(parent = globalenv())) : 
  Error sourcing /root/matrix/server.R
Error in parse(file, keep.source = FALSE, srcfile = src, encoding = enc) : 
  /root/matrix/server.R:26:3: unexpected ')'
25:      print(userName) 
26:   )
      ^
Possible unmatched ')' at:
26:  )} 
     ^
Possible unmatched '}' at:
26:  )} 
      ^
Possible missing comma at:
240:      col2rgb(mycol()) %>%  lapply(.,function(x)return(x)) %>% withCallingHandlers(error = wrongcol)
                                                    ^
Warning: Error in sourceUTF8: Error sourcing /root/matrix/server.R
  [No stack trace available]
Error in sourceUTF8(serverR, envir = new.env(parent = globalenv())) : 
  Error sourcing /root/matrix/server.R
