Loading required package: shiny

Listening on http://0.0.0.0:3838
Warning: Error in matrix: 'data' must be of a vector type, was 'NULL'
  129: matrix
  128: Ops.data.frame
  120: <reactive>
  104: vennlist
   96: renderText
   95: func
   82: origRenderFunc
   81: output$totalgenes
    1: shiny::runApp
Warning: Error in matrix: 'data' must be of a vector type, was 'NULL'
  129: matrix
  128: Ops.data.frame
  120: <reactive>
  104: vennlist
   96: renderText
   95: func
   82: origRenderFunc
   81: output$totalgenes
    1: shiny::runApp
